{
  "stats": {
    "suites": 6,
    "tests": 10,
    "passes": 10,
    "pending": 0,
    "failures": 0,
    "start": "2023-06-23T14:13:05.684Z",
    "end": "2023-06-23T14:13:37.527Z",
    "duration": 31843,
    "testsRegistered": 10,
    "passPercent": 100,
    "pendingPercent": 0,
    "other": 0,
    "hasOther": false,
    "skipped": 0,
    "hasSkipped": false
  },
  "results": [
    {
      "uuid": "85de912a-7d5c-44a4-bdb9-376dd96b7771",
      "title": "",
      "fullFile": "",
      "file": "",
      "beforeHooks": [],
      "afterHooks": [],
      "tests": [],
      "suites": [
        {
          "uuid": "0844011c-4571-42b6-88da-142a94201ff2",
          "title": "TC_07",
          "fullFile": "/home/michal/Documents/Testing/zoovu-login-testing/test/invalidCredentialsLoginVerification.js",
          "file": "/test/invalidCredentialsLoginVerification.js",
          "beforeHooks": [],
          "afterHooks": [],
          "tests": [
            {
              "title": "Verify if user can login using admin@zoovu.com login and 123456 password",
              "fullTitle": "TC_07 Verify if user can login using admin@zoovu.com login and 123456 password",
              "timedOut": false,
              "duration": 3874,
              "state": "passed",
              "speed": "slow",
              "pass": true,
              "fail": false,
              "pending": false,
              "context": null,
              "code": "driver = await new Builder().forBrowser(\"chrome\").build();\nawait driver.get(\"https://semantic-studio.zoovu.com/login\");\nlet title = await driver.getTitle();\nexpect(title).to.equal(\"Login | Zoovu\");\nawait driver.findElement(By.name(\"username\")).sendKeys(login);\nawait driver.findElement(By.id(\"login-password\")).sendKeys(password);\nawait driver\n  .findElement(By.xpath(\"//*[@id='login-form']/button\"))\n  .click();\nawait new Promise((resolve) => setTimeout(resolve, 3000));\ntitle = await driver.getTitle();\nexpect(title).to.equal(\"Login | Zoovu\");\nawait driver.quit();",
              "err": {},
              "uuid": "2eda721a-9679-4c89-bd20-20dee1fcc8a0",
              "parentUUID": "0844011c-4571-42b6-88da-142a94201ff2",
              "isHook": false,
              "skipped": false
            },
            {
              "title": "Verify if user can login using admin@zoovu.com login and admin password",
              "fullTitle": "TC_07 Verify if user can login using admin@zoovu.com login and admin password",
              "timedOut": false,
              "duration": 3747,
              "state": "passed",
              "speed": "slow",
              "pass": true,
              "fail": false,
              "pending": false,
              "context": null,
              "code": "driver = await new Builder().forBrowser(\"chrome\").build();\nawait driver.get(\"https://semantic-studio.zoovu.com/login\");\nlet title = await driver.getTitle();\nexpect(title).to.equal(\"Login | Zoovu\");\nawait driver.findElement(By.name(\"username\")).sendKeys(login);\nawait driver.findElement(By.id(\"login-password\")).sendKeys(password);\nawait driver\n  .findElement(By.xpath(\"//*[@id='login-form']/button\"))\n  .click();\nawait new Promise((resolve) => setTimeout(resolve, 3000));\ntitle = await driver.getTitle();\nexpect(title).to.equal(\"Login | Zoovu\");\nawait driver.quit();",
              "err": {},
              "uuid": "10dc1bf8-2fcc-4c8f-a154-d6a7ffc0eaf7",
              "parentUUID": "0844011c-4571-42b6-88da-142a94201ff2",
              "isHook": false,
              "skipped": false
            },
            {
              "title": "Verify if user can login using admin@zoovu.com login and admin123 password",
              "fullTitle": "TC_07 Verify if user can login using admin@zoovu.com login and admin123 password",
              "timedOut": false,
              "duration": 3707,
              "state": "passed",
              "speed": "slow",
              "pass": true,
              "fail": false,
              "pending": false,
              "context": null,
              "code": "driver = await new Builder().forBrowser(\"chrome\").build();\nawait driver.get(\"https://semantic-studio.zoovu.com/login\");\nlet title = await driver.getTitle();\nexpect(title).to.equal(\"Login | Zoovu\");\nawait driver.findElement(By.name(\"username\")).sendKeys(login);\nawait driver.findElement(By.id(\"login-password\")).sendKeys(password);\nawait driver\n  .findElement(By.xpath(\"//*[@id='login-form']/button\"))\n  .click();\nawait new Promise((resolve) => setTimeout(resolve, 3000));\ntitle = await driver.getTitle();\nexpect(title).to.equal(\"Login | Zoovu\");\nawait driver.quit();",
              "err": {},
              "uuid": "9572e79e-af16-4a90-942d-34fe764041f7",
              "parentUUID": "0844011c-4571-42b6-88da-142a94201ff2",
              "isHook": false,
              "skipped": false
            },
            {
              "title": "Verify if user can login using example@example.com login and 123456 password",
              "fullTitle": "TC_07 Verify if user can login using example@example.com login and 123456 password",
              "timedOut": false,
              "duration": 3706,
              "state": "passed",
              "speed": "slow",
              "pass": true,
              "fail": false,
              "pending": false,
              "context": null,
              "code": "driver = await new Builder().forBrowser(\"chrome\").build();\nawait driver.get(\"https://semantic-studio.zoovu.com/login\");\nlet title = await driver.getTitle();\nexpect(title).to.equal(\"Login | Zoovu\");\nawait driver.findElement(By.name(\"username\")).sendKeys(login);\nawait driver.findElement(By.id(\"login-password\")).sendKeys(password);\nawait driver\n  .findElement(By.xpath(\"//*[@id='login-form']/button\"))\n  .click();\nawait new Promise((resolve) => setTimeout(resolve, 3000));\ntitle = await driver.getTitle();\nexpect(title).to.equal(\"Login | Zoovu\");\nawait driver.quit();",
              "err": {},
              "uuid": "ad4a006f-25f4-4dd6-be0d-198523f3416d",
              "parentUUID": "0844011c-4571-42b6-88da-142a94201ff2",
              "isHook": false,
              "skipped": false
            },
            {
              "title": "Verify if user can login using example@example.com login and qwerty password",
              "fullTitle": "TC_07 Verify if user can login using example@example.com login and qwerty password",
              "timedOut": false,
              "duration": 3916,
              "state": "passed",
              "speed": "slow",
              "pass": true,
              "fail": false,
              "pending": false,
              "context": null,
              "code": "driver = await new Builder().forBrowser(\"chrome\").build();\nawait driver.get(\"https://semantic-studio.zoovu.com/login\");\nlet title = await driver.getTitle();\nexpect(title).to.equal(\"Login | Zoovu\");\nawait driver.findElement(By.name(\"username\")).sendKeys(login);\nawait driver.findElement(By.id(\"login-password\")).sendKeys(password);\nawait driver\n  .findElement(By.xpath(\"//*[@id='login-form']/button\"))\n  .click();\nawait new Promise((resolve) => setTimeout(resolve, 3000));\ntitle = await driver.getTitle();\nexpect(title).to.equal(\"Login | Zoovu\");\nawait driver.quit();",
              "err": {},
              "uuid": "cf7bb188-53e2-4348-9664-7b6f175f8a7b",
              "parentUUID": "0844011c-4571-42b6-88da-142a94201ff2",
              "isHook": false,
              "skipped": false
            }
          ],
          "suites": [],
          "passes": [
            "2eda721a-9679-4c89-bd20-20dee1fcc8a0",
            "10dc1bf8-2fcc-4c8f-a154-d6a7ffc0eaf7",
            "9572e79e-af16-4a90-942d-34fe764041f7",
            "ad4a006f-25f4-4dd6-be0d-198523f3416d",
            "cf7bb188-53e2-4348-9664-7b6f175f8a7b"
          ],
          "failures": [],
          "pending": [],
          "skipped": [],
          "duration": 18950,
          "root": false,
          "rootEmpty": false,
          "_timeout": 10000
        },
        {
          "uuid": "8ebcddbc-4a29-4bff-b93d-361b7f3929a6",
          "title": "TC_05",
          "fullFile": "/home/michal/Documents/Testing/zoovu-login-testing/test/invalidLoginVerification.js",
          "file": "/test/invalidLoginVerification.js",
          "beforeHooks": [
            {
              "title": "\"before all\" hook in \"TC_05\"",
              "fullTitle": "TC_05 \"before all\" hook in \"TC_05\"",
              "timedOut": false,
              "duration": 255,
              "state": null,
              "speed": null,
              "pass": false,
              "fail": false,
              "pending": false,
              "context": null,
              "code": "driver = await new Builder().forBrowser(\"chrome\").build();",
              "err": {},
              "uuid": "7bb52df5-7e46-47ea-acf8-dbcb80cc3556",
              "parentUUID": "8ebcddbc-4a29-4bff-b93d-361b7f3929a6",
              "isHook": true,
              "skipped": false
            }
          ],
          "afterHooks": [
            {
              "title": "\"after all\" hook in \"TC_05\"",
              "fullTitle": "TC_05 \"after all\" hook in \"TC_05\"",
              "timedOut": false,
              "duration": 52,
              "state": null,
              "speed": null,
              "pass": false,
              "fail": false,
              "pending": false,
              "context": null,
              "code": "await driver.quit()",
              "err": {},
              "uuid": "0f212673-c81c-4069-9815-07063cc0be11",
              "parentUUID": "8ebcddbc-4a29-4bff-b93d-361b7f3929a6",
              "isHook": true,
              "skipped": false
            }
          ],
          "tests": [
            {
              "title": "Verify if user can login using invalid login and valid password",
              "fullTitle": "TC_05 Verify if user can login using invalid login and valid password",
              "timedOut": false,
              "duration": 3547,
              "state": "passed",
              "speed": "slow",
              "pass": true,
              "fail": false,
              "pending": false,
              "context": null,
              "code": "await driver.get(\"https://semantic-studio.zoovu.com/login\");\nlet title = await driver.getTitle();\nexpect(title).to.equal(\"Login | Zoovu\");\nawait driver\n  .findElement(By.name(\"username\"))\n  .sendKeys(\"vamibej209@aramask.com\");\nawait driver.findElement(By.id(\"login-password\")).sendKeys(\"654321\");\nawait driver.findElement(By.xpath(\"//*[@id='login-form']/button\")).click();\nawait new Promise((resolve) => setTimeout(resolve, 3000));\ntitle = await driver.getTitle();\nexpect(title).to.equal(\"Login | Zoovu\");",
              "err": {},
              "uuid": "a9807df6-4444-4caf-b1ff-16532b1074ea",
              "parentUUID": "8ebcddbc-4a29-4bff-b93d-361b7f3929a6",
              "isHook": false,
              "skipped": false
            }
          ],
          "suites": [],
          "passes": [
            "a9807df6-4444-4caf-b1ff-16532b1074ea"
          ],
          "failures": [],
          "pending": [],
          "skipped": [],
          "duration": 3547,
          "root": false,
          "rootEmpty": false,
          "_timeout": 10000
        },
        {
          "uuid": "7eae4b9f-d775-44e0-84e4-3d68d7a02cde",
          "title": "TC_06",
          "fullFile": "/home/michal/Documents/Testing/zoovu-login-testing/test/invalidPasswordVerification.js",
          "file": "/test/invalidPasswordVerification.js",
          "beforeHooks": [
            {
              "title": "\"before all\" hook in \"TC_06\"",
              "fullTitle": "TC_06 \"before all\" hook in \"TC_06\"",
              "timedOut": false,
              "duration": 293,
              "state": null,
              "speed": null,
              "pass": false,
              "fail": false,
              "pending": false,
              "context": null,
              "code": "driver = await new Builder().forBrowser(\"chrome\").build();",
              "err": {},
              "uuid": "20d98de3-e103-49ce-9c00-565b24e71575",
              "parentUUID": "7eae4b9f-d775-44e0-84e4-3d68d7a02cde",
              "isHook": true,
              "skipped": false
            }
          ],
          "afterHooks": [
            {
              "title": "\"after all\" hook in \"TC_06\"",
              "fullTitle": "TC_06 \"after all\" hook in \"TC_06\"",
              "timedOut": false,
              "duration": 51,
              "state": null,
              "speed": null,
              "pass": false,
              "fail": false,
              "pending": false,
              "context": null,
              "code": "await driver.quit()",
              "err": {},
              "uuid": "5198b322-01c6-4e9f-9647-53d26da6cff0",
              "parentUUID": "7eae4b9f-d775-44e0-84e4-3d68d7a02cde",
              "isHook": true,
              "skipped": false
            }
          ],
          "tests": [
            {
              "title": "Verify if user can login using valid login and invalid password",
              "fullTitle": "TC_06 Verify if user can login using valid login and invalid password",
              "timedOut": false,
              "duration": 3457,
              "state": "passed",
              "speed": "slow",
              "pass": true,
              "fail": false,
              "pending": false,
              "context": null,
              "code": "await driver.get(\"https://semantic-studio.zoovu.com/login\");\nlet title = await driver.getTitle();\nexpect(title).to.equal(\"Login | Zoovu\");\nawait driver\n  .findElement(By.name(\"username\"))\n  .sendKeys(\"vamibej209@aramask.com\");\nawait driver.findElement(By.id(\"login-password\")).sendKeys(\"654321\");\nawait driver.findElement(By.xpath(\"//*[@id='login-form']/button\")).click();\nawait new Promise((resolve) => setTimeout(resolve, 3000));\ntitle = await driver.getTitle();\nexpect(title).to.equal(\"Login | Zoovu\");",
              "err": {},
              "uuid": "16a76cec-1e36-43f6-9cdf-fc1bbe046998",
              "parentUUID": "7eae4b9f-d775-44e0-84e4-3d68d7a02cde",
              "isHook": false,
              "skipped": false
            }
          ],
          "suites": [],
          "passes": [
            "16a76cec-1e36-43f6-9cdf-fc1bbe046998"
          ],
          "failures": [],
          "pending": [],
          "skipped": [],
          "duration": 3457,
          "root": false,
          "rootEmpty": false,
          "_timeout": 10000
        },
        {
          "uuid": "d3e98e39-141f-478a-b6a8-14c895ea012d",
          "title": "TC_04",
          "fullFile": "/home/michal/Documents/Testing/zoovu-login-testing/test/loginEnterKeyConfirmation.js",
          "file": "/test/loginEnterKeyConfirmation.js",
          "beforeHooks": [
            {
              "title": "\"before all\" hook in \"TC_04\"",
              "fullTitle": "TC_04 \"before all\" hook in \"TC_04\"",
              "timedOut": false,
              "duration": 391,
              "state": null,
              "speed": null,
              "pass": false,
              "fail": false,
              "pending": false,
              "context": null,
              "code": "driver = await new Builder().forBrowser(\"chrome\").build();",
              "err": {},
              "uuid": "5961fb6e-43b2-4b79-8cd4-1f57400893e8",
              "parentUUID": "d3e98e39-141f-478a-b6a8-14c895ea012d",
              "isHook": true,
              "skipped": false
            }
          ],
          "afterHooks": [
            {
              "title": "\"after all\" hook in \"TC_04\"",
              "fullTitle": "TC_04 \"after all\" hook in \"TC_04\"",
              "timedOut": false,
              "duration": 51,
              "state": null,
              "speed": null,
              "pass": false,
              "fail": false,
              "pending": false,
              "context": null,
              "code": "await driver.quit()",
              "err": {},
              "uuid": "cd37a023-24a6-478a-b4d8-e67c66062bed",
              "parentUUID": "d3e98e39-141f-478a-b6a8-14c895ea012d",
              "isHook": true,
              "skipped": false
            }
          ],
          "tests": [
            {
              "title": "Verify if user can confirm login credentials by pressing enter key",
              "fullTitle": "TC_04 Verify if user can confirm login credentials by pressing enter key",
              "timedOut": false,
              "duration": 1341,
              "state": "passed",
              "speed": "slow",
              "pass": true,
              "fail": false,
              "pending": false,
              "context": null,
              "code": "await driver.get(\"https://semantic-studio.zoovu.com/login\");\nlet title = await driver.getTitle();\nexpect(title).to.equal(\"Login | Zoovu\");\nawait driver\n  .findElement(By.name(\"username\"))\n  .sendKeys(\"vamibej309@aramask.com\");\nawait driver\n  .findElement(By.id(\"login-password\"))\n  .sendKeys(\"123456\", Key.RETURN);\nawait driver.wait(until.titleContains(\"Studio\"));\ntitle = await driver.getTitle();\nexpect(title).to.equal(\"Zoovu Search Studio\");",
              "err": {},
              "uuid": "5f2b2415-0d88-4509-bd5e-58186df7aaeb",
              "parentUUID": "d3e98e39-141f-478a-b6a8-14c895ea012d",
              "isHook": false,
              "skipped": false
            }
          ],
          "suites": [],
          "passes": [
            "5f2b2415-0d88-4509-bd5e-58186df7aaeb"
          ],
          "failures": [],
          "pending": [],
          "skipped": [],
          "duration": 1341,
          "root": false,
          "rootEmpty": false,
          "_timeout": 10000
        },
        {
          "uuid": "32bc50d4-20e0-49c2-9707-7eff8041b6f1",
          "title": "TC_01",
          "fullFile": "/home/michal/Documents/Testing/zoovu-login-testing/test/properLoginVerification.js",
          "file": "/test/properLoginVerification.js",
          "beforeHooks": [
            {
              "title": "\"before all\" hook in \"TC_01\"",
              "fullTitle": "TC_01 \"before all\" hook in \"TC_01\"",
              "timedOut": false,
              "duration": 253,
              "state": null,
              "speed": null,
              "pass": false,
              "fail": false,
              "pending": false,
              "context": null,
              "code": "driver = await new Builder().forBrowser(\"chrome\").build();",
              "err": {},
              "uuid": "4d2ef4d3-a41d-49e9-8566-b7e114256d56",
              "parentUUID": "32bc50d4-20e0-49c2-9707-7eff8041b6f1",
              "isHook": true,
              "skipped": false
            }
          ],
          "afterHooks": [
            {
              "title": "\"after all\" hook in \"TC_01\"",
              "fullTitle": "TC_01 \"after all\" hook in \"TC_01\"",
              "timedOut": false,
              "duration": 51,
              "state": null,
              "speed": null,
              "pass": false,
              "fail": false,
              "pending": false,
              "context": null,
              "code": "await driver.quit()",
              "err": {},
              "uuid": "679b7259-22af-479a-a7de-df364df2c589",
              "parentUUID": "32bc50d4-20e0-49c2-9707-7eff8041b6f1",
              "isHook": true,
              "skipped": false
            }
          ],
          "tests": [
            {
              "title": "Verify if user can login using valid login and valid password",
              "fullTitle": "TC_01 Verify if user can login using valid login and valid password",
              "timedOut": false,
              "duration": 1533,
              "state": "passed",
              "speed": "slow",
              "pass": true,
              "fail": false,
              "pending": false,
              "context": null,
              "code": "await driver.get(\"https://semantic-studio.zoovu.com/login\");\nlet title = await driver.getTitle();\nexpect(title).to.equal(\"Login | Zoovu\");\nawait driver\n  .findElement(By.name(\"username\"))\n  .sendKeys(\"vamibej309@aramask.com\");\nawait driver.findElement(By.id(\"login-password\")).sendKeys(\"123456\");\nawait driver.findElement(By.xpath(\"//*[@id='login-form']/button\")).click();\nawait driver.wait(until.titleContains(\"Studio\"));\ntitle = await driver.getTitle();\nexpect(title).to.equal(\"Zoovu Search Studio\");",
              "err": {},
              "uuid": "d59c7af2-0b68-4932-b031-074742ceb3bf",
              "parentUUID": "32bc50d4-20e0-49c2-9707-7eff8041b6f1",
              "isHook": false,
              "skipped": false
            }
          ],
          "suites": [],
          "passes": [
            "d59c7af2-0b68-4932-b031-074742ceb3bf"
          ],
          "failures": [],
          "pending": [],
          "skipped": [],
          "duration": 1533,
          "root": false,
          "rootEmpty": false,
          "_timeout": 10000
        },
        {
          "uuid": "9da0854a-bf25-4e0c-b1eb-fc8d3a586966",
          "title": "TC_02",
          "fullFile": "/home/michal/Documents/Testing/zoovu-login-testing/test/properMobileLoginVerification.js",
          "file": "/test/properMobileLoginVerification.js",
          "beforeHooks": [
            {
              "title": "\"before all\" hook in \"TC_02\"",
              "fullTitle": "TC_02 \"before all\" hook in \"TC_02\"",
              "timedOut": false,
              "duration": 407,
              "state": null,
              "speed": null,
              "pass": false,
              "fail": false,
              "pending": false,
              "context": null,
              "code": "driver = await new Builder().forBrowser(\"chrome\").build();\nawait driver\n  .manage()\n  .window()\n  .setRect({ x: 0, y: 0, width: 380, height: 800 });",
              "err": {},
              "uuid": "39900bb7-d172-45cc-bee4-322b76457a17",
              "parentUUID": "9da0854a-bf25-4e0c-b1eb-fc8d3a586966",
              "isHook": true,
              "skipped": false
            }
          ],
          "afterHooks": [
            {
              "title": "\"after all\" hook in \"TC_02\"",
              "fullTitle": "TC_02 \"after all\" hook in \"TC_02\"",
              "timedOut": false,
              "duration": 51,
              "state": null,
              "speed": null,
              "pass": false,
              "fail": false,
              "pending": false,
              "context": null,
              "code": "await driver.quit()",
              "err": {},
              "uuid": "e51c663b-662c-436d-a40a-3a0c61fb3e9a",
              "parentUUID": "9da0854a-bf25-4e0c-b1eb-fc8d3a586966",
              "isHook": true,
              "skipped": false
            }
          ],
          "tests": [
            {
              "title": "Verify if user can login using valid login and valid password using mobile device",
              "fullTitle": "TC_02 Verify if user can login using valid login and valid password using mobile device",
              "timedOut": false,
              "duration": 1152,
              "state": "passed",
              "speed": "slow",
              "pass": true,
              "fail": false,
              "pending": false,
              "context": null,
              "code": "await driver.get(\"https://semantic-studio.zoovu.com/login\");\nlet title = await driver.getTitle();\nexpect(title).to.equal(\"Login | Zoovu\");\nawait driver\n  .findElement(By.name(\"username\"))\n  .sendKeys(\"vamibej309@aramask.com\");\nawait driver.findElement(By.id(\"login-password\")).sendKeys(\"123456\");\nawait driver.findElement(By.xpath(\"//*[@id='login-form']/button\")).click();\nawait driver.wait(until.titleContains(\"Studio\"));\ntitle = await driver.getTitle();\nexpect(title).to.equal(\"Zoovu Search Studio\");",
              "err": {},
              "uuid": "c91f9549-8540-4d04-97ff-5f01ca01a8b5",
              "parentUUID": "9da0854a-bf25-4e0c-b1eb-fc8d3a586966",
              "isHook": false,
              "skipped": false
            }
          ],
          "suites": [],
          "passes": [
            "c91f9549-8540-4d04-97ff-5f01ca01a8b5"
          ],
          "failures": [],
          "pending": [],
          "skipped": [],
          "duration": 1152,
          "root": false,
          "rootEmpty": false,
          "_timeout": 10000
        }
      ],
      "passes": [],
      "failures": [],
      "pending": [],
      "skipped": [],
      "duration": 0,
      "root": true,
      "rootEmpty": true,
      "_timeout": 10000
    }
  ],
  "meta": {
    "mocha": {
      "version": "10.2.0"
    },
    "mochawesome": {
      "options": {
        "quiet": false,
        "reportFilename": "test-report",
        "saveHtml": true,
        "saveJson": true,
        "consoleReporter": "spec",
        "useInlineDiffs": false,
        "code": true
      },
      "version": "7.1.3"
    },
    "marge": {
      "options": {
        "overwrite": "true",
        "reportTitle": "Report summary",
        "reportFilename": "test-report",
        "reportDir": "report",
        "autoOpen": "true"
      },
      "version": "6.2.0"
    }
  }
}