{
  "stats": {
    "suites": 7,
    "tests": 11,
    "passes": 10,
    "pending": 1,
    "failures": 0,
    "start": "2023-06-22T17:59:23.180Z",
    "end": "2023-06-22T17:59:54.821Z",
    "duration": 31641,
    "testsRegistered": 11,
    "passPercent": 100,
    "pendingPercent": 9.090909090909092,
    "other": 0,
    "hasOther": false,
    "skipped": 0,
    "hasSkipped": false
  },
  "results": [
    {
      "uuid": "2bbb8af5-d7b0-4649-8635-c3e032de5f5a",
      "title": "",
      "fullFile": "",
      "file": "",
      "beforeHooks": [],
      "afterHooks": [],
      "tests": [],
      "suites": [
        {
          "uuid": "12922ce3-d7ae-448e-bd0f-fe0c701c9f02",
          "title": "TC_01",
          "fullFile": "/home/michal/Documents/Testing/zoovu-login-testing/test/tc01.js",
          "file": "/test/tc01.js",
          "beforeHooks": [
            {
              "title": "\"before all\" hook in \"TC_01\"",
              "fullTitle": "TC_01 \"before all\" hook in \"TC_01\"",
              "timedOut": false,
              "duration": 277,
              "state": null,
              "speed": null,
              "pass": false,
              "fail": false,
              "pending": false,
              "context": null,
              "code": "driver = await new Builder().forBrowser(\"chrome\").build();",
              "err": {},
              "uuid": "242dd34f-f4d3-48f4-8572-aa0314287742",
              "parentUUID": "12922ce3-d7ae-448e-bd0f-fe0c701c9f02",
              "isHook": true,
              "skipped": false
            }
          ],
          "afterHooks": [
            {
              "title": "\"after all\" hook in \"TC_01\"",
              "fullTitle": "TC_01 \"after all\" hook in \"TC_01\"",
              "timedOut": false,
              "duration": 51,
              "state": null,
              "speed": null,
              "pass": false,
              "fail": false,
              "pending": false,
              "context": null,
              "code": "await driver.quit()",
              "err": {},
              "uuid": "4b5d6e91-e13f-49a4-abf1-c43b5efe2a2d",
              "parentUUID": "12922ce3-d7ae-448e-bd0f-fe0c701c9f02",
              "isHook": true,
              "skipped": false
            }
          ],
          "tests": [
            {
              "title": "Verify if user can login using valid login and valid password",
              "fullTitle": "TC_01 Verify if user can login using valid login and valid password",
              "timedOut": false,
              "duration": 1685,
              "state": "passed",
              "speed": "slow",
              "pass": true,
              "fail": false,
              "pending": false,
              "context": null,
              "code": "await driver.get(\"https://semantic-studio.zoovu.com/login\");\nlet title = await driver.getTitle();\nexpect(title).to.equal(\"Login | Zoovu\");\nawait driver\n  .findElement(By.name(\"username\"))\n  .sendKeys(\"vamibej309@aramask.com\");\nawait driver.findElement(By.id(\"login-password\")).sendKeys(\"123456\");\nawait driver.findElement(By.xpath(\"//*[@id='login-form']/button\")).click();\nawait driver.wait(until.titleContains(\"Studio\"));\ntitle = await driver.getTitle();\nexpect(title).to.equal(\"Zoovu Search Studio\");",
              "err": {},
              "uuid": "0d87cbac-00f1-4439-947f-39e1095b1a49",
              "parentUUID": "12922ce3-d7ae-448e-bd0f-fe0c701c9f02",
              "isHook": false,
              "skipped": false
            }
          ],
          "suites": [],
          "passes": [
            "0d87cbac-00f1-4439-947f-39e1095b1a49"
          ],
          "failures": [],
          "pending": [],
          "skipped": [],
          "duration": 1685,
          "root": false,
          "rootEmpty": false,
          "_timeout": 10000
        },
        {
          "uuid": "4b227a2f-3aa5-4304-8aaf-fb897bbd7b4b",
          "title": "TC_02",
          "fullFile": "/home/michal/Documents/Testing/zoovu-login-testing/test/tc02.js",
          "file": "/test/tc02.js",
          "beforeHooks": [
            {
              "title": "\"before all\" hook in \"TC_02\"",
              "fullTitle": "TC_02 \"before all\" hook in \"TC_02\"",
              "timedOut": false,
              "duration": 411,
              "state": null,
              "speed": null,
              "pass": false,
              "fail": false,
              "pending": false,
              "context": null,
              "code": "driver = await new Builder().forBrowser(\"chrome\").build();\nawait driver\n  .manage()\n  .window()\n  .setRect({ x: 0, y: 0, width: 380, height: 800 });",
              "err": {},
              "uuid": "8ef645ad-fb62-486c-beaa-e94a7e7d3670",
              "parentUUID": "4b227a2f-3aa5-4304-8aaf-fb897bbd7b4b",
              "isHook": true,
              "skipped": false
            }
          ],
          "afterHooks": [
            {
              "title": "\"after all\" hook in \"TC_02\"",
              "fullTitle": "TC_02 \"after all\" hook in \"TC_02\"",
              "timedOut": false,
              "duration": 51,
              "state": null,
              "speed": null,
              "pass": false,
              "fail": false,
              "pending": false,
              "context": null,
              "code": "await driver.quit()",
              "err": {},
              "uuid": "8b78eb1c-c3ab-4859-8e10-4cf8a10d9f45",
              "parentUUID": "4b227a2f-3aa5-4304-8aaf-fb897bbd7b4b",
              "isHook": true,
              "skipped": false
            }
          ],
          "tests": [
            {
              "title": "Verify if user can login using valid login and valid password using mobile device",
              "fullTitle": "TC_02 Verify if user can login using valid login and valid password using mobile device",
              "timedOut": false,
              "duration": 1204,
              "state": "passed",
              "speed": "slow",
              "pass": true,
              "fail": false,
              "pending": false,
              "context": null,
              "code": "await driver.get(\"https://semantic-studio.zoovu.com/login\");\nlet title = await driver.getTitle();\nexpect(title).to.equal(\"Login | Zoovu\");\nawait driver\n  .findElement(By.name(\"username\"))\n  .sendKeys(\"vamibej309@aramask.com\");\nawait driver.findElement(By.id(\"login-password\")).sendKeys(\"123456\");\nawait driver.findElement(By.xpath(\"//*[@id='login-form']/button\")).click();\nawait driver.wait(until.titleContains(\"Studio\"));\ntitle = await driver.getTitle();\nexpect(title).to.equal(\"Zoovu Search Studio\");",
              "err": {},
              "uuid": "c18059db-febc-471a-b87b-8915c8cdfc57",
              "parentUUID": "4b227a2f-3aa5-4304-8aaf-fb897bbd7b4b",
              "isHook": false,
              "skipped": false
            }
          ],
          "suites": [],
          "passes": [
            "c18059db-febc-471a-b87b-8915c8cdfc57"
          ],
          "failures": [],
          "pending": [],
          "skipped": [],
          "duration": 1204,
          "root": false,
          "rootEmpty": false,
          "_timeout": 10000
        },
        {
          "uuid": "74cd8789-f8a0-4b40-bc41-fb16c913236c",
          "title": "TC_03",
          "fullFile": "/home/michal/Documents/Testing/zoovu-login-testing/test/tc03.js",
          "file": "/test/tc03.js",
          "beforeHooks": [
            {
              "title": "\"before all\" hook in \"TC_03\"",
              "fullTitle": "TC_03 \"before all\" hook in \"TC_03\"",
              "timedOut": false,
              "duration": 291,
              "state": null,
              "speed": null,
              "pass": false,
              "fail": false,
              "pending": false,
              "context": null,
              "code": "driver = await new Builder().forBrowser(\"chrome\").build();",
              "err": {},
              "uuid": "7052abe2-265f-4720-87e3-d2e38025dd90",
              "parentUUID": "74cd8789-f8a0-4b40-bc41-fb16c913236c",
              "isHook": true,
              "skipped": false
            }
          ],
          "afterHooks": [
            {
              "title": "\"after all\" hook in \"TC_03\"",
              "fullTitle": "TC_03 \"after all\" hook in \"TC_03\"",
              "timedOut": false,
              "duration": 52,
              "state": null,
              "speed": null,
              "pass": false,
              "fail": false,
              "pending": false,
              "context": null,
              "code": "await driver.quit()",
              "err": {},
              "uuid": "b949a126-a94e-4fac-8b20-bdde05fc9989",
              "parentUUID": "74cd8789-f8a0-4b40-bc41-fb16c913236c",
              "isHook": true,
              "skipped": false
            }
          ],
          "tests": [
            {
              "title": "Verify if user is remembered after successful login",
              "fullTitle": "TC_03 Verify if user is remembered after successful login",
              "timedOut": false,
              "duration": 0,
              "state": "pending",
              "speed": null,
              "pass": false,
              "fail": false,
              "pending": true,
              "context": null,
              "code": "",
              "err": {},
              "uuid": "292d6b91-88e3-402b-825b-fd75fd7ba88c",
              "parentUUID": "74cd8789-f8a0-4b40-bc41-fb16c913236c",
              "isHook": false,
              "skipped": false
            }
          ],
          "suites": [],
          "passes": [],
          "failures": [],
          "pending": [
            "292d6b91-88e3-402b-825b-fd75fd7ba88c"
          ],
          "skipped": [],
          "duration": 0,
          "root": false,
          "rootEmpty": false,
          "_timeout": 10000
        },
        {
          "uuid": "7e9f500f-c8ff-4928-86f2-462c241d137e",
          "title": "TC_04",
          "fullFile": "/home/michal/Documents/Testing/zoovu-login-testing/test/tc04.js",
          "file": "/test/tc04.js",
          "beforeHooks": [
            {
              "title": "\"before all\" hook in \"TC_04\"",
              "fullTitle": "TC_04 \"before all\" hook in \"TC_04\"",
              "timedOut": false,
              "duration": 256,
              "state": null,
              "speed": null,
              "pass": false,
              "fail": false,
              "pending": false,
              "context": null,
              "code": "driver = await new Builder().forBrowser(\"chrome\").build();",
              "err": {},
              "uuid": "3be0608d-a1b7-420c-8a74-e3874a7317d6",
              "parentUUID": "7e9f500f-c8ff-4928-86f2-462c241d137e",
              "isHook": true,
              "skipped": false
            }
          ],
          "afterHooks": [
            {
              "title": "\"after all\" hook in \"TC_04\"",
              "fullTitle": "TC_04 \"after all\" hook in \"TC_04\"",
              "timedOut": false,
              "duration": 51,
              "state": null,
              "speed": null,
              "pass": false,
              "fail": false,
              "pending": false,
              "context": null,
              "code": "await driver.quit()",
              "err": {},
              "uuid": "ebb879d9-fc07-43ca-8990-9df01e2b3bdb",
              "parentUUID": "7e9f500f-c8ff-4928-86f2-462c241d137e",
              "isHook": true,
              "skipped": false
            }
          ],
          "tests": [
            {
              "title": "Verify if user can confirm login credentials by pressing enter key",
              "fullTitle": "TC_04 Verify if user can confirm login credentials by pressing enter key",
              "timedOut": false,
              "duration": 1100,
              "state": "passed",
              "speed": "slow",
              "pass": true,
              "fail": false,
              "pending": false,
              "context": null,
              "code": "await driver.get(\"https://semantic-studio.zoovu.com/login\");\nlet title = await driver.getTitle();\nexpect(title).to.equal(\"Login | Zoovu\");\nawait driver\n  .findElement(By.name(\"username\"))\n  .sendKeys(\"vamibej309@aramask.com\");\nawait driver\n  .findElement(By.id(\"login-password\"))\n  .sendKeys(\"123456\", Key.RETURN);\nawait driver.wait(until.titleContains(\"Studio\"));\ntitle = await driver.getTitle();\nexpect(title).to.equal(\"Zoovu Search Studio\");",
              "err": {},
              "uuid": "cd7ec9f6-211e-403b-8c88-848128c6e549",
              "parentUUID": "7e9f500f-c8ff-4928-86f2-462c241d137e",
              "isHook": false,
              "skipped": false
            }
          ],
          "suites": [],
          "passes": [
            "cd7ec9f6-211e-403b-8c88-848128c6e549"
          ],
          "failures": [],
          "pending": [],
          "skipped": [],
          "duration": 1100,
          "root": false,
          "rootEmpty": false,
          "_timeout": 10000
        },
        {
          "uuid": "c575e585-c59b-4b9f-9f5e-49c71b4825f8",
          "title": "TC_05",
          "fullFile": "/home/michal/Documents/Testing/zoovu-login-testing/test/tc05.js",
          "file": "/test/tc05.js",
          "beforeHooks": [
            {
              "title": "\"before all\" hook in \"TC_05\"",
              "fullTitle": "TC_05 \"before all\" hook in \"TC_05\"",
              "timedOut": false,
              "duration": 291,
              "state": null,
              "speed": null,
              "pass": false,
              "fail": false,
              "pending": false,
              "context": null,
              "code": "driver = await new Builder().forBrowser(\"chrome\").build();",
              "err": {},
              "uuid": "52f4a1d0-c52c-4325-a1b5-ea7b95e9732c",
              "parentUUID": "c575e585-c59b-4b9f-9f5e-49c71b4825f8",
              "isHook": true,
              "skipped": false
            }
          ],
          "afterHooks": [
            {
              "title": "\"after all\" hook in \"TC_05\"",
              "fullTitle": "TC_05 \"after all\" hook in \"TC_05\"",
              "timedOut": false,
              "duration": 53,
              "state": null,
              "speed": null,
              "pass": false,
              "fail": false,
              "pending": false,
              "context": null,
              "code": "await driver.quit()",
              "err": {},
              "uuid": "ca9376b8-d7ee-4b84-84a0-b8516e5ed9b8",
              "parentUUID": "c575e585-c59b-4b9f-9f5e-49c71b4825f8",
              "isHook": true,
              "skipped": false
            }
          ],
          "tests": [
            {
              "title": "Verify if user can login using invalid login and valid password",
              "fullTitle": "TC_05 Verify if user can login using invalid login and valid password",
              "timedOut": false,
              "duration": 3425,
              "state": "passed",
              "speed": "slow",
              "pass": true,
              "fail": false,
              "pending": false,
              "context": null,
              "code": "await driver.get(\"https://semantic-studio.zoovu.com/login\");\nlet title = await driver.getTitle();\nexpect(title).to.equal(\"Login | Zoovu\");\nawait driver\n  .findElement(By.name(\"username\"))\n  .sendKeys(\"vamibej209@aramask.com\");\nawait driver.findElement(By.id(\"login-password\")).sendKeys(\"654321\");\nawait driver.findElement(By.xpath(\"//*[@id='login-form']/button\")).click();\nawait new Promise((resolve) => setTimeout(resolve, 3000));\ntitle = await driver.getTitle();\nexpect(title).to.equal(\"Login | Zoovu\");",
              "err": {},
              "uuid": "18ff594c-72c5-4314-a734-878b485f0f51",
              "parentUUID": "c575e585-c59b-4b9f-9f5e-49c71b4825f8",
              "isHook": false,
              "skipped": false
            }
          ],
          "suites": [],
          "passes": [
            "18ff594c-72c5-4314-a734-878b485f0f51"
          ],
          "failures": [],
          "pending": [],
          "skipped": [],
          "duration": 3425,
          "root": false,
          "rootEmpty": false,
          "_timeout": 10000
        },
        {
          "uuid": "10f0a87e-8cf6-4d33-8266-71888720bfa3",
          "title": "TC_06",
          "fullFile": "/home/michal/Documents/Testing/zoovu-login-testing/test/tc06.js",
          "file": "/test/tc06.js",
          "beforeHooks": [
            {
              "title": "\"before all\" hook in \"TC_06\"",
              "fullTitle": "TC_06 \"before all\" hook in \"TC_06\"",
              "timedOut": false,
              "duration": 250,
              "state": null,
              "speed": null,
              "pass": false,
              "fail": false,
              "pending": false,
              "context": null,
              "code": "driver = await new Builder().forBrowser(\"chrome\").build();",
              "err": {},
              "uuid": "8c36e2a2-e5aa-43ae-9b2c-e49012c0ad28",
              "parentUUID": "10f0a87e-8cf6-4d33-8266-71888720bfa3",
              "isHook": true,
              "skipped": false
            }
          ],
          "afterHooks": [
            {
              "title": "\"after all\" hook in \"TC_06\"",
              "fullTitle": "TC_06 \"after all\" hook in \"TC_06\"",
              "timedOut": false,
              "duration": 52,
              "state": null,
              "speed": null,
              "pass": false,
              "fail": false,
              "pending": false,
              "context": null,
              "code": "await driver.quit()",
              "err": {},
              "uuid": "02162649-5b32-4efc-a263-c17bf67cd300",
              "parentUUID": "10f0a87e-8cf6-4d33-8266-71888720bfa3",
              "isHook": true,
              "skipped": false
            }
          ],
          "tests": [
            {
              "title": "Verify if user can login using valid login and invalid password",
              "fullTitle": "TC_06 Verify if user can login using valid login and invalid password",
              "timedOut": false,
              "duration": 3424,
              "state": "passed",
              "speed": "slow",
              "pass": true,
              "fail": false,
              "pending": false,
              "context": null,
              "code": "await driver.get(\"https://semantic-studio.zoovu.com/login\");\nlet title = await driver.getTitle();\nexpect(title).to.equal(\"Login | Zoovu\");\nawait driver\n  .findElement(By.name(\"username\"))\n  .sendKeys(\"vamibej209@aramask.com\");\nawait driver.findElement(By.id(\"login-password\")).sendKeys(\"654321\");\nawait driver.findElement(By.xpath(\"//*[@id='login-form']/button\")).click();\nawait new Promise((resolve) => setTimeout(resolve, 3000));\ntitle = await driver.getTitle();\nexpect(title).to.equal(\"Login | Zoovu\");",
              "err": {},
              "uuid": "e39520fa-9ac0-4f0c-8971-8a718df7bb81",
              "parentUUID": "10f0a87e-8cf6-4d33-8266-71888720bfa3",
              "isHook": false,
              "skipped": false
            }
          ],
          "suites": [],
          "passes": [
            "e39520fa-9ac0-4f0c-8971-8a718df7bb81"
          ],
          "failures": [],
          "pending": [],
          "skipped": [],
          "duration": 3424,
          "root": false,
          "rootEmpty": false,
          "_timeout": 10000
        },
        {
          "uuid": "bcbf4897-3fb6-40e7-8f8f-974358fd4ae9",
          "title": "TC_06",
          "fullFile": "/home/michal/Documents/Testing/zoovu-login-testing/test/tc07.js",
          "file": "/test/tc07.js",
          "beforeHooks": [],
          "afterHooks": [],
          "tests": [
            {
              "title": "Verify if user can login using admin@zoovu.com login and 123456 password",
              "fullTitle": "TC_06 Verify if user can login using admin@zoovu.com login and 123456 password",
              "timedOut": false,
              "duration": 3699,
              "state": "passed",
              "speed": "slow",
              "pass": true,
              "fail": false,
              "pending": false,
              "context": null,
              "code": "driver = await new Builder().forBrowser(\"chrome\").build();\nawait driver.get(\"https://semantic-studio.zoovu.com/login\");\nlet title = await driver.getTitle();\nexpect(title).to.equal(\"Login | Zoovu\");\nawait driver.findElement(By.name(\"username\")).sendKeys(login);\nawait driver.findElement(By.id(\"login-password\")).sendKeys(password);\nawait driver\n  .findElement(By.xpath(\"//*[@id='login-form']/button\"))\n  .click();\nawait new Promise((resolve) => setTimeout(resolve, 3000));\ntitle = await driver.getTitle();\nexpect(title).to.equal(\"Login | Zoovu\");\nawait driver.quit();",
              "err": {},
              "uuid": "aca4d20f-b146-4943-8ca7-64e4594b5308",
              "parentUUID": "bcbf4897-3fb6-40e7-8f8f-974358fd4ae9",
              "isHook": false,
              "skipped": false
            },
            {
              "title": "Verify if user can login using admin@zoovu.com login and admin password",
              "fullTitle": "TC_06 Verify if user can login using admin@zoovu.com login and admin password",
              "timedOut": false,
              "duration": 3770,
              "state": "passed",
              "speed": "slow",
              "pass": true,
              "fail": false,
              "pending": false,
              "context": null,
              "code": "driver = await new Builder().forBrowser(\"chrome\").build();\nawait driver.get(\"https://semantic-studio.zoovu.com/login\");\nlet title = await driver.getTitle();\nexpect(title).to.equal(\"Login | Zoovu\");\nawait driver.findElement(By.name(\"username\")).sendKeys(login);\nawait driver.findElement(By.id(\"login-password\")).sendKeys(password);\nawait driver\n  .findElement(By.xpath(\"//*[@id='login-form']/button\"))\n  .click();\nawait new Promise((resolve) => setTimeout(resolve, 3000));\ntitle = await driver.getTitle();\nexpect(title).to.equal(\"Login | Zoovu\");\nawait driver.quit();",
              "err": {},
              "uuid": "55357b3a-227c-4539-8894-d2aa804729b8",
              "parentUUID": "bcbf4897-3fb6-40e7-8f8f-974358fd4ae9",
              "isHook": false,
              "skipped": false
            },
            {
              "title": "Verify if user can login using admin@zoovu.com login and admin123 password",
              "fullTitle": "TC_06 Verify if user can login using admin@zoovu.com login and admin123 password",
              "timedOut": false,
              "duration": 3757,
              "state": "passed",
              "speed": "slow",
              "pass": true,
              "fail": false,
              "pending": false,
              "context": null,
              "code": "driver = await new Builder().forBrowser(\"chrome\").build();\nawait driver.get(\"https://semantic-studio.zoovu.com/login\");\nlet title = await driver.getTitle();\nexpect(title).to.equal(\"Login | Zoovu\");\nawait driver.findElement(By.name(\"username\")).sendKeys(login);\nawait driver.findElement(By.id(\"login-password\")).sendKeys(password);\nawait driver\n  .findElement(By.xpath(\"//*[@id='login-form']/button\"))\n  .click();\nawait new Promise((resolve) => setTimeout(resolve, 3000));\ntitle = await driver.getTitle();\nexpect(title).to.equal(\"Login | Zoovu\");\nawait driver.quit();",
              "err": {},
              "uuid": "036c7b10-9755-4cbd-9c36-84b0baec8b50",
              "parentUUID": "bcbf4897-3fb6-40e7-8f8f-974358fd4ae9",
              "isHook": false,
              "skipped": false
            },
            {
              "title": "Verify if user can login using example@example.com login and 123456 password",
              "fullTitle": "TC_06 Verify if user can login using example@example.com login and 123456 password",
              "timedOut": false,
              "duration": 3732,
              "state": "passed",
              "speed": "slow",
              "pass": true,
              "fail": false,
              "pending": false,
              "context": null,
              "code": "driver = await new Builder().forBrowser(\"chrome\").build();\nawait driver.get(\"https://semantic-studio.zoovu.com/login\");\nlet title = await driver.getTitle();\nexpect(title).to.equal(\"Login | Zoovu\");\nawait driver.findElement(By.name(\"username\")).sendKeys(login);\nawait driver.findElement(By.id(\"login-password\")).sendKeys(password);\nawait driver\n  .findElement(By.xpath(\"//*[@id='login-form']/button\"))\n  .click();\nawait new Promise((resolve) => setTimeout(resolve, 3000));\ntitle = await driver.getTitle();\nexpect(title).to.equal(\"Login | Zoovu\");\nawait driver.quit();",
              "err": {},
              "uuid": "6fddd005-fdb9-4aea-a156-4f449459b85c",
              "parentUUID": "bcbf4897-3fb6-40e7-8f8f-974358fd4ae9",
              "isHook": false,
              "skipped": false
            },
            {
              "title": "Verify if user can login using example@example.com login and qwerty password",
              "fullTitle": "TC_06 Verify if user can login using example@example.com login and qwerty password",
              "timedOut": false,
              "duration": 3749,
              "state": "passed",
              "speed": "slow",
              "pass": true,
              "fail": false,
              "pending": false,
              "context": null,
              "code": "driver = await new Builder().forBrowser(\"chrome\").build();\nawait driver.get(\"https://semantic-studio.zoovu.com/login\");\nlet title = await driver.getTitle();\nexpect(title).to.equal(\"Login | Zoovu\");\nawait driver.findElement(By.name(\"username\")).sendKeys(login);\nawait driver.findElement(By.id(\"login-password\")).sendKeys(password);\nawait driver\n  .findElement(By.xpath(\"//*[@id='login-form']/button\"))\n  .click();\nawait new Promise((resolve) => setTimeout(resolve, 3000));\ntitle = await driver.getTitle();\nexpect(title).to.equal(\"Login | Zoovu\");\nawait driver.quit();",
              "err": {},
              "uuid": "7c3954e2-db0a-4354-92ba-d0a7ede50380",
              "parentUUID": "bcbf4897-3fb6-40e7-8f8f-974358fd4ae9",
              "isHook": false,
              "skipped": false
            }
          ],
          "suites": [],
          "passes": [
            "aca4d20f-b146-4943-8ca7-64e4594b5308",
            "55357b3a-227c-4539-8894-d2aa804729b8",
            "036c7b10-9755-4cbd-9c36-84b0baec8b50",
            "6fddd005-fdb9-4aea-a156-4f449459b85c",
            "7c3954e2-db0a-4354-92ba-d0a7ede50380"
          ],
          "failures": [],
          "pending": [],
          "skipped": [],
          "duration": 18707,
          "root": false,
          "rootEmpty": false,
          "_timeout": 10000
        }
      ],
      "passes": [],
      "failures": [],
      "pending": [],
      "skipped": [],
      "duration": 0,
      "root": true,
      "rootEmpty": true,
      "_timeout": 10000
    }
  ],
  "meta": {
    "mocha": {
      "version": "10.2.0"
    },
    "mochawesome": {
      "options": {
        "quiet": false,
        "reportFilename": "test-report",
        "saveHtml": true,
        "saveJson": true,
        "consoleReporter": "spec",
        "useInlineDiffs": false,
        "code": true
      },
      "version": "7.1.3"
    },
    "marge": {
      "options": {
        "overwrite": "true",
        "reportTitle": "Report summary",
        "reportFilename": "test-report",
        "reportDir": "report",
        "autoOpen": "true"
      },
      "version": "6.2.0"
    }
  }
}